<?xml version="1.0" encoding="UTF-8"?>
<!-- Generated by org.testng.reporters.JUnitXMLReporter -->
<testsuite ignored="2" hostname="INLEN8520075397" failures="0" tests="1" name="Default test" time="8.725" errors="0" timestamp="2023-05-06T16:37:01 IST">
  <testcase classname="com.aster.testcases.AddOppurtunityTest" name="addoppurtunitywithoutsearch" time="5.65"/>
  <testcase classname="com.aster.testcases.AddOppurtunityTest" name="addoppurtunitybyusingsearch" time="0.0">
    <ignored/>
  </testcase> <!-- addoppurtunitybyusingsearch -->
  <testcase classname="com.aster.testcases.AddOppurtunityTest" name="addoppurtunityusingsearch" time="0.0">
    <ignored/>
  </testcase> <!-- addoppurtunityusingsearch -->
</testsuite> <!-- Default test -->
