<?xml version="1.0" encoding="UTF-8"?>
<testng-results ignored="2" total="3" passed="1" failed="0" skipped="0">
  <reporter-output>
  </reporter-output>
  <suite started-at="2023-05-06T16:36:53 IST" name="Default suite" finished-at="2023-05-06T16:37:01 IST" duration-ms="8725">
    <groups>
    </groups>
    <test started-at="2023-05-06T16:36:53 IST" name="Default test" finished-at="2023-05-06T16:37:01 IST" duration-ms="8725">
      <class name="com.aster.testcases.AddOppurtunityTest">
        <test-method is-config="true" signature="ExtentReportConfig()[pri:0, instance:com.aster.testcases.AddOppurtunityTest@72cc7e6f]" started-at="2023-05-06T16:36:53 IST" name="ExtentReportConfig" finished-at="2023-05-06T16:36:53 IST" duration-ms="134" status="PASS">
          <reporter-output>
          </reporter-output>
        </test-method> <!-- ExtentReportConfig -->
        <test-method is-config="true" signature="setup()[pri:0, instance:com.aster.testcases.AddOppurtunityTest@72cc7e6f]" started-at="2023-05-06T16:36:53 IST" name="setup" finished-at="2023-05-06T16:36:55 IST" duration-ms="2251" status="PASS">
          <reporter-output>
          </reporter-output>
        </test-method> <!-- setup -->
        <test-method signature="addoppurtunitywithoutsearch()[pri:1, instance:com.aster.testcases.AddOppurtunityTest@72cc7e6f]" started-at="2023-05-06T16:36:55 IST" name="addoppurtunitywithoutsearch" finished-at="2023-05-06T16:37:01 IST" duration-ms="5650" status="PASS">
          <reporter-output>
          </reporter-output>
        </test-method> <!-- addoppurtunitywithoutsearch -->
        <test-method is-config="true" signature="closedriver()[pri:0, instance:com.aster.testcases.AddOppurtunityTest@72cc7e6f]" started-at="2023-05-06T16:37:01 IST" name="closedriver" finished-at="2023-05-06T16:37:01 IST" duration-ms="1" status="PASS">
          <reporter-output>
          </reporter-output>
        </test-method> <!-- closedriver -->
        <test-method is-config="true" signature="teardown()[pri:0, instance:com.aster.testcases.AddOppurtunityTest@72cc7e6f]" started-at="2023-05-06T16:37:01 IST" name="teardown" finished-at="2023-05-06T16:37:01 IST" duration-ms="465" status="PASS">
          <reporter-output>
          </reporter-output>
        </test-method> <!-- teardown -->
      </class> <!-- com.aster.testcases.AddOppurtunityTest -->
    </test> <!-- Default test -->
  </suite> <!-- Default suite -->
</testng-results>
